


ARM Macro Assembler    Page 1 


    1 00000000         ;/******************************************************
                       ***********************
    2 00000000         ; * @file:    startup_LPC17xx.s
    3 00000000         ; * @purpose: CMSIS Cortex-M3 Core Device Startup File 
    4 00000000         ; *           for the NXP LPC17xx Device Series 
    5 00000000         ; * @version: V1.01
    6 00000000         ; * @date:    21. December 2009
    7 00000000         ; *------- <<< Use Configuration Wizard in Context Menu 
                       >>> ------------------
    8 00000000         ; *
    9 00000000         ; * Copyright (C) 2009 ARM Limited. All rights reserved.
                       
   10 00000000         ; * ARM Limited (ARM) is supplying this software for use
                        with Cortex-M3 
   11 00000000         ; * processor based microcontrollers.  This file can be 
                       freely distributed 
   12 00000000         ; * within development tools that are supporting such AR
                       M based processors. 
   13 00000000         ; *
   14 00000000         ; * THIS SOFTWARE IS PROVIDED "AS IS".  NO WARRANTIES, W
                       HETHER EXPRESS, IMPLIED
   15 00000000         ; * OR STATUTORY, INCLUDING, BUT NOT LIMITED TO, IMPLIED
                        WARRANTIES OF
   16 00000000         ; * MERCHANTABILITY AND FITNESS FOR A PARTICULAR PURPOSE
                        APPLY TO THIS SOFTWARE.
   17 00000000         ; * ARM SHALL NOT, IN ANY CIRCUMSTANCES, BE LIABLE FOR S
                       PECIAL, INCIDENTAL, OR
   18 00000000         ; * CONSEQUENTIAL DAMAGES, FOR ANY REASON WHATSOEVER.
   19 00000000         ; *
   20 00000000         ; ******************************************************
                       ***********************/
   21 00000000         
   22 00000000         
   23 00000000         ; <h> Stack Configuration
   24 00000000         ;   <o> Stack Size (in Bytes) <0x0-0xFFFFFFFF:8>
   25 00000000         ; </h>
   26 00000000         
   27 00000000 00000200 
                       Stack_Size
                               EQU              0x00000200
   28 00000000         
   29 00000000                 AREA             STACK, NOINIT, READWRITE, ALIGN
=3
   30 00000000         Stack_Mem
                               SPACE            Stack_Size
   31 00000200         __initial_sp
   32 00000200         
   33 00000200         
   34 00000200         ; <h> Heap Configuration
   35 00000200         ;   <o>  Heap Size (in Bytes) <0x0-0xFFFFFFFF:8>
   36 00000200         ; </h>
   37 00000200         
   38 00000200 00000000 
                       Heap_Size
                               EQU              0x00000000
   39 00000200         
   40 00000200                 AREA             HEAP, NOINIT, READWRITE, ALIGN=
3
   41 00000000         __heap_base



ARM Macro Assembler    Page 2 


   42 00000000         Heap_Mem
                               SPACE            Heap_Size
   43 00000000         __heap_limit
   44 00000000         
   45 00000000         
   46 00000000                 PRESERVE8
   47 00000000                 THUMB
   48 00000000         
   49 00000000         
   50 00000000         ; Vector Table Mapped to Address 0 at Reset
   51 00000000         
   52 00000000                 AREA             RESET, DATA, READONLY
   53 00000000                 EXPORT           __Vectors
   54 00000000         
   55 00000000 00000000 
                       __Vectors
                               DCD              __initial_sp ; Top of Stack
   56 00000004 00000000        DCD              Reset_Handler ; Reset Handler
   57 00000008 00000000        DCD              NMI_Handler ; NMI Handler
   58 0000000C 00000000        DCD              HardFault_Handler ; Hard Fault 
                                                            Handler
   59 00000010 00000000        DCD              MemManage_Handler 
                                                            ; MPU Fault Handler
                                                            
   60 00000014 00000000        DCD              BusFault_Handler 
                                                            ; Bus Fault Handler
                                                            
   61 00000018 00000000        DCD              UsageFault_Handler ; Usage Faul
                                                            t Handler
   62 0000001C 00000000        DCD              0           ; Reserved
   63 00000020 00000000        DCD              0           ; Reserved
   64 00000024 00000000        DCD              0           ; Reserved
   65 00000028 00000000        DCD              0           ; Reserved
   66 0000002C 00000000        DCD              SVC_Handler ; SVCall Handler
   67 00000030 00000000        DCD              DebugMon_Handler ; Debug Monito
                                                            r Handler
   68 00000034 00000000        DCD              0           ; Reserved
   69 00000038 00000000        DCD              PendSV_Handler ; PendSV Handler
                                                            
   70 0000003C 00000000        DCD              SysTick_Handler 
                                                            ; SysTick Handler
   71 00000040         
   72 00000040         ; External Interrupts
   73 00000040 00000000        DCD              WDT_IRQHandler ; 16: Watchdog T
                                                            imer
   74 00000044 00000000        DCD              TIMER0_IRQHandler ; 17: Timer0
   75 00000048 00000000        DCD              TIMER1_IRQHandler ; 18: Timer1
   76 0000004C 00000000        DCD              TIMER2_IRQHandler ; 19: Timer2
   77 00000050 00000000        DCD              TIMER3_IRQHandler ; 20: Timer3
   78 00000054 00000000        DCD              UART0_IRQHandler ; 21: UART0
   79 00000058 00000000        DCD              UART1_IRQHandler ; 22: UART1
   80 0000005C 00000000        DCD              UART2_IRQHandler ; 23: UART2
   81 00000060 00000000        DCD              UART3_IRQHandler ; 24: UART3
   82 00000064 00000000        DCD              PWM1_IRQHandler ; 25: PWM1
   83 00000068 00000000        DCD              I2C0_IRQHandler ; 26: I2C0
   84 0000006C 00000000        DCD              I2C1_IRQHandler ; 27: I2C1
   85 00000070 00000000        DCD              I2C2_IRQHandler ; 28: I2C2
   86 00000074 00000000        DCD              SPI_IRQHandler ; 29: SPI
   87 00000078 00000000        DCD              SSP0_IRQHandler ; 30: SSP0



ARM Macro Assembler    Page 3 


   88 0000007C 00000000        DCD              SSP1_IRQHandler ; 31: SSP1
   89 00000080 00000000        DCD              PLL0_IRQHandler ; 32: PLL0 Lock
                                                             (Main PLL)
   90 00000084 00000000        DCD              RTC_IRQHandler ; 33: Real Time 
                                                            Clock
   91 00000088 00000000        DCD              EINT0_IRQHandler ; 34: External
                                                             Interrupt 0
   92 0000008C 00000000        DCD              EINT1_IRQHandler ; 35: External
                                                             Interrupt 1
   93 00000090 00000000        DCD              EINT2_IRQHandler ; 36: External
                                                             Interrupt 2
   94 00000094 00000000        DCD              EINT3_IRQHandler ; 37: External
                                                             Interrupt 3
   95 00000098 00000000        DCD              ADC_IRQHandler 
                                                            ; 38: A/D Converter
                                                            
   96 0000009C 00000000        DCD              BOD_IRQHandler ; 39: Brown-Out 
                                                            Detect
   97 000000A0 00000000        DCD              USB_IRQHandler ; 40: USB
   98 000000A4 00000000        DCD              CAN_IRQHandler ; 41: CAN
   99 000000A8 00000000        DCD              DMA_IRQHandler ; 42: General Pu
                                                            rpose DMA
  100 000000AC 00000000        DCD              I2S_IRQHandler ; 43: I2S
  101 000000B0 00000000        DCD              ENET_IRQHandler ; 44: Ethernet
  102 000000B4 00000000        DCD              RIT_IRQHandler ; 45: Repetitive
                                                             Interrupt Timer
  103 000000B8 00000000        DCD              MCPWM_IRQHandler ; 46: Motor Co
                                                            ntrol PWM
  104 000000BC 00000000        DCD              QEI_IRQHandler ; 47: Quadrature
                                                             Encoder Interface
  105 000000C0 00000000        DCD              PLL1_IRQHandler ; 48: PLL1 Lock
                                                             (USB PLL)
  106 000000C4 00000000        DCD              USBActivity_IRQHandler ; USB Ac
                                                            tivity interrupt to
                                                             wakeup
  107 000000C8 00000000        DCD              CANActivity_IRQHandler ; CAN Ac
                                                            tivity interrupt to
                                                             wakeup
  108 000000CC         
  109 000000CC         
  110 000000CC                 IF               :LNOT::DEF:NO_CRP
  111 000000CC                 AREA             |.ARM.__at_0x02FC|, CODE, READO
NLY
  112 00000000 FFFFFFFF 
                       CRP_Key DCD              0xFFFFFFFF
  113 00000004                 ENDIF
  114 00000004         
  115 00000004         
  116 00000004                 AREA             |.text|, CODE, READONLY
  117 00000000         
  118 00000000         
  119 00000000         ; Reset Handler
  120 00000000         
  121 00000000         Reset_Handler
                               PROC
  122 00000000                 EXPORT           Reset_Handler             [WEAK
]
  123 00000000         ;Problem_6_2017-3---------------------------------------
                       ------------------



ARM Macro Assembler    Page 4 


  124 00000000         ;AREA myCode, READONLY, CODE
  125 00000000         ;ENTRY
  126 00000000 F04F 0000       MOV              R0, #0
  127 00000004 F04F 0100       MOV              R1, #0
  128 00000008 F04F 0904       MOV              R9, #4
  129 0000000C F04F 0A00       MOV              R10, #0
  130 00000010 F04F 0B00       MOV              R11, #0
  131 00000014 F04F 0C00       MOV              R12, #0
  132 00000018         LOOP1A
  133 00000018 F8DF D1D4       LDR              R13, =SEQUENCE
  134 0000001C F85D 000A       LDR              R0, [R13,R10]
  135 00000020 F8DF D1CC       LDR              R13, =SEQUENCE
  136 00000024 F85D 1009       LDR              R1, [R13,R9]
  137 00000028 4288            CMP              R0, R1
  138 0000002A BFC8 F04F 
              0B01             MOVGT            R11, #1     ; R0 > R1 [R1- R2] 
                                                            -> DECRESCENTE
  139 00000030 BFB8 F04F 
              0C01             MOVLT            R12, #1     ; R0 < R1 [R1- R2] 
                                                            -> CRESCENTE 
  140 00000036 F10A 0A04       ADD              R10, R10, #4 ; counter 1 -> PAR
                                                            TE DA 0 
  141 0000003A F109 0904       ADD              R9, R9, #4  ; counter 2 -> PART
                                                            E DA 4
  142 0000003E F1BA 0F1C       CMP              R10, #28    ; 4*7 = 28
  143 00000042 DBE9            BLT              LOOP1A      ; fin tanto che R10
                                                             < 32
  144 00000044         
  145 00000044 F1BB 0F00       CMP              R11, #0
  146 00000048 D115            BNE              next1A
  147 0000004A F1BC 0F00       CMP              R12, #0
  148 0000004E D02D            BEQ              next2A
  149 00000050         ; R11 = 0, R12 = 1 -> CRESCENTE -> VALORE MEDIO
  150 00000050 F04F 0000       MOV              R0, #0
  151 00000054 F04F 0100       MOV              R1, #0
  152 00000058 F04F 0A00       MOV              R10, #0
  153 0000005C         LOOP2A
  154 0000005C F8DF D190       LDR              R13, =SEQUENCE
  155 00000060 F85D 000A       LDR              R0, [R13,R10]
  156 00000064 4401            ADD              R1, R1, R0
  157 00000066 F10A 0A04       ADD              R10, R10, #4 ; counter
  158 0000006A F1BA 0F20       CMP              R10, #32    ; 4*8 = 32
  159 0000006E DBF5            BLT              LOOP2A      ; fin tanto che R10
                                                             <  32
  160 00000070 EA4F 01D1       MOV              R1, R1, LSR #3 ; R1 = R1/8
  161 00000074 E03C            B                pend
  162 00000076         next1A
  163 00000076 F1BC 0F00       CMP              R12, #0
  164 0000007A D017            BEQ              next2A
  165 0000007C         ; R11 = 1, R12 = 1  -> DISORDINATA -> VALORE PIù GRAMDE 
                       E PIù PICCOLO
  166 0000007C F04F 0000       MOV              R0, #0
  167 00000080 F04F 0100       MOV              R1, #0
  168 00000084 F04F 0208       MOV              R2, #8
  169 00000088 F04F 0A00       MOV              R10, #0
  170 0000008C         LOOP3A
  171 0000008C F8DF D160       LDR              R13, =SEQUENCE
  172 00000090 F85D 000A       LDR              R0, [R13,R10]
  173 00000094 4288            CMP              R0, R1



ARM Macro Assembler    Page 5 


  174 00000096 BFC8 4601       MOVGT            R1, R0      ; se R0 > R1 
  175 0000009A 4290            CMP              R0, R2
  176 0000009C BFB8 4602       MOVLT            R2, R0      ; se R0 < R2
  177 000000A0 F10A 0A04       ADD              R10, R10, #4 ; counter
  178 000000A4 F1BA 0F20       CMP              R10, #32    ; 4*8 = 32
  179 000000A8 DBF0            BLT              LOOP3A      ; fin tanto che R10
                                                             <  32
  180 000000AA E021            B                pend
  181 000000AC         next2A
  182 000000AC         ; R11 = 1, R12 = 0 -> DECRESCENTE -> LA DIFFERENZA PIù G
                       RANDE
  183 000000AC F04F 0000       MOV              R0, #0
  184 000000B0 F04F 0100       MOV              R1, #0
  185 000000B4 F04F 0200       MOV              R2, #0
  186 000000B8 F04F 0904       MOV              R9, #4
  187 000000BC F04F 0A00       MOV              R10, #0
  188 000000C0 F04F 0B00       MOV              R11, #0
  189 000000C4 F04F 0C00       MOV              R12, #0
  190 000000C8         LOOP4A
  191 000000C8 F8DF D124       LDR              R13, =SEQUENCE
  192 000000CC F85D 000A       LDR              R0, [R13,R10]
  193 000000D0 F8DF D11C       LDR              R13, =SEQUENCE
  194 000000D4 F85D 1009       LDR              R1, [R13,R9]
  195 000000D8 EBA0 0001       SUB              R0, R0, R1
  196 000000DC 4290            CMP              R0, R2
  197 000000DE BFC8 4602       MOVGT            R2, R0      ; se R0 > R2
  198 000000E2 F10A 0A04       ADD              R10, R10, #4 ; counter 1 -> PAR
                                                            TE DA 0 
  199 000000E6 F109 0904       ADD              R9, R9, #4  ; counter 2 -> PART
                                                            E DA 4
  200 000000EA F1BA 0F1C       CMP              R10, #28    ; 4*7 = 28
  201 000000EE DBEB            BLT              LOOP4A      ; fin tanto che R10
                                                             < 28
  202 000000F0         pend
  203 000000F0         ;Problem_6_2017-2---------------------------------------
                       ------------------
  204 000000F0         ; AREA myCode, READONLY, CODE
  205 000000F0         ; ENTRY
  206 000000F0 F04F 0006       MOV              R0, #6
  207 000000F4 F04F 0102       MOV              R1, #2
  208 000000F8 F04F 0204       MOV              R2, #4
  209 000000FC         
  210 000000FC 4288            CMP              R0, R1
  211 000000FE BFC2 4680       MOVGT            R8, R0
  212 00000102 4608            MOVGT            R0, R1
  213 00000104 4641            MOVGT            R1, R8
  214 00000106         
  215 00000106 4291            CMP              R1, R2
  216 00000108 BFC2 4688       MOVGT            R8, R1      ; R1 > R2
  217 0000010C 4611            MOVGT            R1, R2
  218 0000010E 4642            MOVGT            R2, R8
  219 00000110         
  220 00000110 4288            CMP              R0, R1
  221 00000112 BFC2 4680       MOVGT            R8, R0
  222 00000116 4608            MOVGT            R0, R1
  223 00000118 4641            MOVGT            R1, R8
  224 0000011A         
  225 0000011A F04F 0400       MOV              R4, #0
  226 0000011E 4688            MOV              R8, R1



ARM Macro Assembler    Page 6 


  227 00000120         LOOP1B
  228 00000120 EBA8 0800       SUB              R8, R8, R0
  229 00000124 F104 0401       ADD              R4, R4, #1
  230 00000128 F1B8 0F00       CMP              R8, #0
  231 0000012C DCF8            BGT              LOOP1B      ; R8 > R0 (R1- R2)
  232 0000012E D001            BEQ              NEXT1B
  233 00000130 F04F 0400       MOV              R4, #0
  234 00000134         NEXT1B
  235 00000134         
  236 00000134 F04F 0500       MOV              R5, #0
  237 00000138 4690            MOV              R8, R2
  238 0000013A         LOOP2B
  239 0000013A EBA8 0800       SUB              R8, R8, R0
  240 0000013E F105 0501       ADD              R5, R5, #1
  241 00000142 F1B8 0F00       CMP              R8, #0
  242 00000146 DCF8            BGT              LOOP2B      ; R8 > R0 (R1- R2) 
                                                             
  243 00000148 D001            BEQ              NEXT2B
  244 0000014A F04F 0500       MOV              R5, #0
  245 0000014E         NEXT2B
  246 0000014E         ;Problem_6_2017-1---------------------------------------
                       ------------------
  247 0000014E         ;AREA myCode, READONLY, CODE
  248 0000014E         ;ENTRY
  249 0000014E F04F 0004       MOV              R0, #4
  250 00000152 F04F 0104       MOV              R1, #4
  251 00000156 F04F 0206       MOV              R2, #6
  252 0000015A F04F 0307       MOV              R3, #7
  253 0000015E F04F 0409       MOV              R4, #9
  254 00000162 F04F 050C       MOV              R5, #12
  255 00000166 F04F 0608       MOV              R6, #8
  256 0000016A F04F 0708       MOV              R7, #8
  257 0000016E         
  258 0000016E 4288            CMP              R0, R1
  259 00000170 BF1A EB00 
              0801             ADDNE            R8, R0, R1
  260 00000176 EA4F 0858       MOVNE            R8, R8, LSR #1
  261 0000017A FB00 F801       MULEQ            R8, R0, R1
  262 0000017E         
  263 0000017E 429A            CMP              R2, R3
  264 00000180 BF1A EB02 
              0903             ADDNE            R9, R2, R3
  265 00000186 EA4F 0959       MOVNE            R9, R9, LSR #1
  266 0000018A FB02 F903       MULEQ            R9, R2, R3
  267 0000018E         
  268 0000018E 42AC            CMP              R4, R5
  269 00000190 BF1A EB04 
              0A05             ADDNE            R10, R4, R5
  270 00000196 EA4F 0A5A       MOVNE            R10, R10, LSR #1
  271 0000019A FB04 FA05       MULEQ            R10, R4, R5
  272 0000019E         
  273 0000019E 42BE            CMP              R6, R7
  274 000001A0 BF1A EB06 
              0B07             ADDNE            R11, R6, R7
  275 000001A6 EA4F 0B5B       MOVNE            R11, R11, LSR #1
  276 000001AA FB06 FB07       MULEQ            R11, R6, R7
  277 000001AE         
  278 000001AE         do_notthing
  279 000001AE E7FE            B                do_notthing



ARM Macro Assembler    Page 7 


  280 000001B0         
  281 000001B0         ;SEQUENCE DCD 6, 9, 5, 3, 1, 2, 0, 8
  282 000001B0         ;SEQUENCE DCD 1, 2, 3, 4, 5, 6, 7, 8
  283 000001B0 00000008 
              00000007 
              00000006 
              00000005 
              00000004 
              00000003 
              00000002 
              00000001 SEQUENCE
                               DCD              8, 7, 6, 5, 4, 3, 2, 1
  284 000001D0         
  285 000001D0                 ENDP
  286 000001D0         
  287 000001D0         
  288 000001D0         ; Dummy Exception Handlers (infinite loops which can be 
                       modified)                
  289 000001D0         
  290 000001D0         NMI_Handler
                               PROC
  291 000001D0                 EXPORT           NMI_Handler               [WEAK
]
  292 000001D0 E7FE            B                .
  293 000001D2                 ENDP
  295 000001D2         HardFault_Handler
                               PROC
  296 000001D2                 EXPORT           HardFault_Handler         [WEAK
]
  297 000001D2 E7FE            B                .
  298 000001D4                 ENDP
  300 000001D4         MemManage_Handler
                               PROC
  301 000001D4                 EXPORT           MemManage_Handler         [WEAK
]
  302 000001D4 E7FE            B                .
  303 000001D6                 ENDP
  305 000001D6         BusFault_Handler
                               PROC
  306 000001D6                 EXPORT           BusFault_Handler          [WEAK
]
  307 000001D6 E7FE            B                .
  308 000001D8                 ENDP
  310 000001D8         UsageFault_Handler
                               PROC
  311 000001D8                 EXPORT           UsageFault_Handler        [WEAK
]
  312 000001D8 E7FE            B                .
  313 000001DA                 ENDP
  314 000001DA         SVC_Handler
                               PROC
  315 000001DA                 EXPORT           SVC_Handler               [WEAK
]
  316 000001DA E7FE            B                .
  317 000001DC                 ENDP
  319 000001DC         DebugMon_Handler
                               PROC
  320 000001DC                 EXPORT           DebugMon_Handler          [WEAK
]



ARM Macro Assembler    Page 8 


  321 000001DC E7FE            B                .
  322 000001DE                 ENDP
  323 000001DE         PendSV_Handler
                               PROC
  324 000001DE                 EXPORT           PendSV_Handler            [WEAK
]
  325 000001DE E7FE            B                .
  326 000001E0                 ENDP
  327 000001E0         SysTick_Handler
                               PROC
  328 000001E0                 EXPORT           SysTick_Handler           [WEAK
]
  329 000001E0 E7FE            B                .
  330 000001E2                 ENDP
  331 000001E2         
  332 000001E2         Default_Handler
                               PROC
  333 000001E2         
  334 000001E2                 EXPORT           WDT_IRQHandler            [WEAK
]
  335 000001E2                 EXPORT           TIMER0_IRQHandler         [WEAK
]
  336 000001E2                 EXPORT           TIMER1_IRQHandler         [WEAK
]
  337 000001E2                 EXPORT           TIMER2_IRQHandler         [WEAK
]
  338 000001E2                 EXPORT           TIMER3_IRQHandler         [WEAK
]
  339 000001E2                 EXPORT           UART0_IRQHandler          [WEAK
]
  340 000001E2                 EXPORT           UART1_IRQHandler          [WEAK
]
  341 000001E2                 EXPORT           UART2_IRQHandler          [WEAK
]
  342 000001E2                 EXPORT           UART3_IRQHandler          [WEAK
]
  343 000001E2                 EXPORT           PWM1_IRQHandler           [WEAK
]
  344 000001E2                 EXPORT           I2C0_IRQHandler           [WEAK
]
  345 000001E2                 EXPORT           I2C1_IRQHandler           [WEAK
]
  346 000001E2                 EXPORT           I2C2_IRQHandler           [WEAK
]
  347 000001E2                 EXPORT           SPI_IRQHandler            [WEAK
]
  348 000001E2                 EXPORT           SSP0_IRQHandler           [WEAK
]
  349 000001E2                 EXPORT           SSP1_IRQHandler           [WEAK
]
  350 000001E2                 EXPORT           PLL0_IRQHandler           [WEAK
]
  351 000001E2                 EXPORT           RTC_IRQHandler            [WEAK
]
  352 000001E2                 EXPORT           EINT0_IRQHandler          [WEAK
]
  353 000001E2                 EXPORT           EINT1_IRQHandler          [WEAK
]
  354 000001E2                 EXPORT           EINT2_IRQHandler          [WEAK



ARM Macro Assembler    Page 9 


]
  355 000001E2                 EXPORT           EINT3_IRQHandler          [WEAK
]
  356 000001E2                 EXPORT           ADC_IRQHandler            [WEAK
]
  357 000001E2                 EXPORT           BOD_IRQHandler            [WEAK
]
  358 000001E2                 EXPORT           USB_IRQHandler            [WEAK
]
  359 000001E2                 EXPORT           CAN_IRQHandler            [WEAK
]
  360 000001E2                 EXPORT           DMA_IRQHandler            [WEAK
]
  361 000001E2                 EXPORT           I2S_IRQHandler            [WEAK
]
  362 000001E2                 EXPORT           ENET_IRQHandler           [WEAK
]
  363 000001E2                 EXPORT           RIT_IRQHandler            [WEAK
]
  364 000001E2                 EXPORT           MCPWM_IRQHandler          [WEAK
]
  365 000001E2                 EXPORT           QEI_IRQHandler            [WEAK
]
  366 000001E2                 EXPORT           PLL1_IRQHandler           [WEAK
]
  367 000001E2                 EXPORT           USBActivity_IRQHandler    [WEAK
]
  368 000001E2                 EXPORT           CANActivity_IRQHandler    [WEAK
]
  369 000001E2         
  370 000001E2         WDT_IRQHandler
  371 000001E2         TIMER0_IRQHandler
  372 000001E2         TIMER1_IRQHandler
  373 000001E2         TIMER2_IRQHandler
  374 000001E2         TIMER3_IRQHandler
  375 000001E2         UART0_IRQHandler
  376 000001E2         UART1_IRQHandler
  377 000001E2         UART2_IRQHandler
  378 000001E2         UART3_IRQHandler
  379 000001E2         PWM1_IRQHandler
  380 000001E2         I2C0_IRQHandler
  381 000001E2         I2C1_IRQHandler
  382 000001E2         I2C2_IRQHandler
  383 000001E2         SPI_IRQHandler
  384 000001E2         SSP0_IRQHandler
  385 000001E2         SSP1_IRQHandler
  386 000001E2         PLL0_IRQHandler
  387 000001E2         RTC_IRQHandler
  388 000001E2         EINT0_IRQHandler
  389 000001E2         EINT1_IRQHandler
  390 000001E2         EINT2_IRQHandler
  391 000001E2         EINT3_IRQHandler
  392 000001E2         ADC_IRQHandler
  393 000001E2         BOD_IRQHandler
  394 000001E2         USB_IRQHandler
  395 000001E2         CAN_IRQHandler
  396 000001E2         DMA_IRQHandler
  397 000001E2         I2S_IRQHandler
  398 000001E2         ENET_IRQHandler



ARM Macro Assembler    Page 10 


  399 000001E2         RIT_IRQHandler
  400 000001E2         MCPWM_IRQHandler
  401 000001E2         QEI_IRQHandler
  402 000001E2         PLL1_IRQHandler
  403 000001E2         USBActivity_IRQHandler
  404 000001E2         CANActivity_IRQHandler
  405 000001E2         
  406 000001E2 E7FE            B                .
  407 000001E4         
  408 000001E4                 ENDP
  409 000001E4         
  410 000001E4         
  411 000001E4                 ALIGN
  412 000001E4         
  413 000001E4         
  414 000001E4         ; User Initial Stack & Heap
  415 000001E4         
  416 000001E4                 IF               :DEF:__MICROLIB
  423 000001E4         
  424 000001E4                 IMPORT           __use_two_region_memory
  425 000001E4                 EXPORT           __user_initial_stackheap
  426 000001E4         __user_initial_stackheap
  427 000001E4         
  428 000001E4 4808            LDR              R0, =  Heap_Mem
  429 000001E6 4909            LDR              R1, =(Stack_Mem + Stack_Size)
  430 000001E8 4A07            LDR              R2, = (Heap_Mem +  Heap_Size)
  431 000001EA 4B09            LDR              R3, = Stack_Mem
  432 000001EC 4770            BX               LR
  433 000001EE         
  434 000001EE 00 00           ALIGN
  435 000001F0         
  436 000001F0                 ENDIF
  437 000001F0         
  438 000001F0         
  439 000001F0                 END
              00000000 
              00000000 
              00000000 
              00000000 
              00000000 
              00000000 
              00000000 
              00000200 
              00000000 
Command Line: --debug --xref --cpu=Cortex-M3 --apcs=interwork --depend=startup_
LPC17xx.d -ostartup_LPC17xx.o -IC:\Keil\ARM\INC -IC:\Keil\ARM\INC\NXP\LPC17xx -
-predefine="__EVAL SETA 1" --list=startup_LPC17xx.lst startup_LPC17xx.s



ARM Macro Assembler    Page 1 Alphabetic symbol ordering
Relocatable symbols

STACK 00000000

Symbol: STACK
   Definitions
      At line 29 in file startup_LPC17xx.s
   Uses
      None
Comment: STACK unused
Stack_Mem 00000000

Symbol: Stack_Mem
   Definitions
      At line 30 in file startup_LPC17xx.s
   Uses
      At line 429 in file startup_LPC17xx.s
      At line 431 in file startup_LPC17xx.s

__initial_sp 00000200

Symbol: __initial_sp
   Definitions
      At line 31 in file startup_LPC17xx.s
   Uses
      At line 55 in file startup_LPC17xx.s
Comment: __initial_sp used once
3 symbols



ARM Macro Assembler    Page 1 Alphabetic symbol ordering
Relocatable symbols

HEAP 00000000

Symbol: HEAP
   Definitions
      At line 40 in file startup_LPC17xx.s
   Uses
      None
Comment: HEAP unused
Heap_Mem 00000000

Symbol: Heap_Mem
   Definitions
      At line 42 in file startup_LPC17xx.s
   Uses
      At line 428 in file startup_LPC17xx.s
      At line 430 in file startup_LPC17xx.s

__heap_base 00000000

Symbol: __heap_base
   Definitions
      At line 41 in file startup_LPC17xx.s
   Uses
      None
Comment: __heap_base unused
__heap_limit 00000000

Symbol: __heap_limit
   Definitions
      At line 43 in file startup_LPC17xx.s
   Uses
      None
Comment: __heap_limit unused
4 symbols



ARM Macro Assembler    Page 1 Alphabetic symbol ordering
Relocatable symbols

RESET 00000000

Symbol: RESET
   Definitions
      At line 52 in file startup_LPC17xx.s
   Uses
      None
Comment: RESET unused
__Vectors 00000000

Symbol: __Vectors
   Definitions
      At line 55 in file startup_LPC17xx.s
   Uses
      At line 53 in file startup_LPC17xx.s
Comment: __Vectors used once
2 symbols



ARM Macro Assembler    Page 1 Alphabetic symbol ordering
Relocatable symbols

.ARM.__at_0x02FC 00000000

Symbol: .ARM.__at_0x02FC
   Definitions
      At line 111 in file startup_LPC17xx.s
   Uses
      None
Comment: .ARM.__at_0x02FC unused
CRP_Key 00000000

Symbol: CRP_Key
   Definitions
      At line 112 in file startup_LPC17xx.s
   Uses
      None
Comment: CRP_Key unused
2 symbols



ARM Macro Assembler    Page 1 Alphabetic symbol ordering
Relocatable symbols

.text 00000000

Symbol: .text
   Definitions
      At line 116 in file startup_LPC17xx.s
   Uses
      None
Comment: .text unused
ADC_IRQHandler 000001E2

Symbol: ADC_IRQHandler
   Definitions
      At line 392 in file startup_LPC17xx.s
   Uses
      At line 95 in file startup_LPC17xx.s
      At line 356 in file startup_LPC17xx.s

BOD_IRQHandler 000001E2

Symbol: BOD_IRQHandler
   Definitions
      At line 393 in file startup_LPC17xx.s
   Uses
      At line 96 in file startup_LPC17xx.s
      At line 357 in file startup_LPC17xx.s

BusFault_Handler 000001D6

Symbol: BusFault_Handler
   Definitions
      At line 305 in file startup_LPC17xx.s
   Uses
      At line 60 in file startup_LPC17xx.s
      At line 306 in file startup_LPC17xx.s

CANActivity_IRQHandler 000001E2

Symbol: CANActivity_IRQHandler
   Definitions
      At line 404 in file startup_LPC17xx.s
   Uses
      At line 107 in file startup_LPC17xx.s
      At line 368 in file startup_LPC17xx.s

CAN_IRQHandler 000001E2

Symbol: CAN_IRQHandler
   Definitions
      At line 395 in file startup_LPC17xx.s
   Uses
      At line 98 in file startup_LPC17xx.s
      At line 359 in file startup_LPC17xx.s

DMA_IRQHandler 000001E2

Symbol: DMA_IRQHandler
   Definitions
      At line 396 in file startup_LPC17xx.s
   Uses



ARM Macro Assembler    Page 2 Alphabetic symbol ordering
Relocatable symbols

      At line 99 in file startup_LPC17xx.s
      At line 360 in file startup_LPC17xx.s

DebugMon_Handler 000001DC

Symbol: DebugMon_Handler
   Definitions
      At line 319 in file startup_LPC17xx.s
   Uses
      At line 67 in file startup_LPC17xx.s
      At line 320 in file startup_LPC17xx.s

Default_Handler 000001E2

Symbol: Default_Handler
   Definitions
      At line 332 in file startup_LPC17xx.s
   Uses
      None
Comment: Default_Handler unused
EINT0_IRQHandler 000001E2

Symbol: EINT0_IRQHandler
   Definitions
      At line 388 in file startup_LPC17xx.s
   Uses
      At line 91 in file startup_LPC17xx.s
      At line 352 in file startup_LPC17xx.s

EINT1_IRQHandler 000001E2

Symbol: EINT1_IRQHandler
   Definitions
      At line 389 in file startup_LPC17xx.s
   Uses
      At line 92 in file startup_LPC17xx.s
      At line 353 in file startup_LPC17xx.s

EINT2_IRQHandler 000001E2

Symbol: EINT2_IRQHandler
   Definitions
      At line 390 in file startup_LPC17xx.s
   Uses
      At line 93 in file startup_LPC17xx.s
      At line 354 in file startup_LPC17xx.s

EINT3_IRQHandler 000001E2

Symbol: EINT3_IRQHandler
   Definitions
      At line 391 in file startup_LPC17xx.s
   Uses
      At line 94 in file startup_LPC17xx.s
      At line 355 in file startup_LPC17xx.s

ENET_IRQHandler 000001E2

Symbol: ENET_IRQHandler



ARM Macro Assembler    Page 3 Alphabetic symbol ordering
Relocatable symbols

   Definitions
      At line 398 in file startup_LPC17xx.s
   Uses
      At line 101 in file startup_LPC17xx.s
      At line 362 in file startup_LPC17xx.s

HardFault_Handler 000001D2

Symbol: HardFault_Handler
   Definitions
      At line 295 in file startup_LPC17xx.s
   Uses
      At line 58 in file startup_LPC17xx.s
      At line 296 in file startup_LPC17xx.s

I2C0_IRQHandler 000001E2

Symbol: I2C0_IRQHandler
   Definitions
      At line 380 in file startup_LPC17xx.s
   Uses
      At line 83 in file startup_LPC17xx.s
      At line 344 in file startup_LPC17xx.s

I2C1_IRQHandler 000001E2

Symbol: I2C1_IRQHandler
   Definitions
      At line 381 in file startup_LPC17xx.s
   Uses
      At line 84 in file startup_LPC17xx.s
      At line 345 in file startup_LPC17xx.s

I2C2_IRQHandler 000001E2

Symbol: I2C2_IRQHandler
   Definitions
      At line 382 in file startup_LPC17xx.s
   Uses
      At line 85 in file startup_LPC17xx.s
      At line 346 in file startup_LPC17xx.s

I2S_IRQHandler 000001E2

Symbol: I2S_IRQHandler
   Definitions
      At line 397 in file startup_LPC17xx.s
   Uses
      At line 100 in file startup_LPC17xx.s
      At line 361 in file startup_LPC17xx.s

LOOP1A 00000018

Symbol: LOOP1A
   Definitions
      At line 132 in file startup_LPC17xx.s
   Uses
      At line 143 in file startup_LPC17xx.s
Comment: LOOP1A used once



ARM Macro Assembler    Page 4 Alphabetic symbol ordering
Relocatable symbols

LOOP1B 00000120

Symbol: LOOP1B
   Definitions
      At line 227 in file startup_LPC17xx.s
   Uses
      At line 231 in file startup_LPC17xx.s
Comment: LOOP1B used once
LOOP2A 0000005C

Symbol: LOOP2A
   Definitions
      At line 153 in file startup_LPC17xx.s
   Uses
      At line 159 in file startup_LPC17xx.s
Comment: LOOP2A used once
LOOP2B 0000013A

Symbol: LOOP2B
   Definitions
      At line 238 in file startup_LPC17xx.s
   Uses
      At line 242 in file startup_LPC17xx.s
Comment: LOOP2B used once
LOOP3A 0000008C

Symbol: LOOP3A
   Definitions
      At line 170 in file startup_LPC17xx.s
   Uses
      At line 179 in file startup_LPC17xx.s
Comment: LOOP3A used once
LOOP4A 000000C8

Symbol: LOOP4A
   Definitions
      At line 190 in file startup_LPC17xx.s
   Uses
      At line 201 in file startup_LPC17xx.s
Comment: LOOP4A used once
MCPWM_IRQHandler 000001E2

Symbol: MCPWM_IRQHandler
   Definitions
      At line 400 in file startup_LPC17xx.s
   Uses
      At line 103 in file startup_LPC17xx.s
      At line 364 in file startup_LPC17xx.s

MemManage_Handler 000001D4

Symbol: MemManage_Handler
   Definitions
      At line 300 in file startup_LPC17xx.s
   Uses
      At line 59 in file startup_LPC17xx.s
      At line 301 in file startup_LPC17xx.s

NEXT1B 00000134



ARM Macro Assembler    Page 5 Alphabetic symbol ordering
Relocatable symbols


Symbol: NEXT1B
   Definitions
      At line 234 in file startup_LPC17xx.s
   Uses
      At line 232 in file startup_LPC17xx.s
Comment: NEXT1B used once
NEXT2B 0000014E

Symbol: NEXT2B
   Definitions
      At line 245 in file startup_LPC17xx.s
   Uses
      At line 243 in file startup_LPC17xx.s
Comment: NEXT2B used once
NMI_Handler 000001D0

Symbol: NMI_Handler
   Definitions
      At line 290 in file startup_LPC17xx.s
   Uses
      At line 57 in file startup_LPC17xx.s
      At line 291 in file startup_LPC17xx.s

PLL0_IRQHandler 000001E2

Symbol: PLL0_IRQHandler
   Definitions
      At line 386 in file startup_LPC17xx.s
   Uses
      At line 89 in file startup_LPC17xx.s
      At line 350 in file startup_LPC17xx.s

PLL1_IRQHandler 000001E2

Symbol: PLL1_IRQHandler
   Definitions
      At line 402 in file startup_LPC17xx.s
   Uses
      At line 105 in file startup_LPC17xx.s
      At line 366 in file startup_LPC17xx.s

PWM1_IRQHandler 000001E2

Symbol: PWM1_IRQHandler
   Definitions
      At line 379 in file startup_LPC17xx.s
   Uses
      At line 82 in file startup_LPC17xx.s
      At line 343 in file startup_LPC17xx.s

PendSV_Handler 000001DE

Symbol: PendSV_Handler
   Definitions
      At line 323 in file startup_LPC17xx.s
   Uses
      At line 69 in file startup_LPC17xx.s
      At line 324 in file startup_LPC17xx.s



ARM Macro Assembler    Page 6 Alphabetic symbol ordering
Relocatable symbols


QEI_IRQHandler 000001E2

Symbol: QEI_IRQHandler
   Definitions
      At line 401 in file startup_LPC17xx.s
   Uses
      At line 104 in file startup_LPC17xx.s
      At line 365 in file startup_LPC17xx.s

RIT_IRQHandler 000001E2

Symbol: RIT_IRQHandler
   Definitions
      At line 399 in file startup_LPC17xx.s
   Uses
      At line 102 in file startup_LPC17xx.s
      At line 363 in file startup_LPC17xx.s

RTC_IRQHandler 000001E2

Symbol: RTC_IRQHandler
   Definitions
      At line 387 in file startup_LPC17xx.s
   Uses
      At line 90 in file startup_LPC17xx.s
      At line 351 in file startup_LPC17xx.s

Reset_Handler 00000000

Symbol: Reset_Handler
   Definitions
      At line 121 in file startup_LPC17xx.s
   Uses
      At line 56 in file startup_LPC17xx.s
      At line 122 in file startup_LPC17xx.s

SEQUENCE 000001B0

Symbol: SEQUENCE
   Definitions
      At line 283 in file startup_LPC17xx.s
   Uses
      At line 133 in file startup_LPC17xx.s
      At line 135 in file startup_LPC17xx.s
      At line 154 in file startup_LPC17xx.s
      At line 171 in file startup_LPC17xx.s
      At line 191 in file startup_LPC17xx.s
      At line 193 in file startup_LPC17xx.s

SPI_IRQHandler 000001E2

Symbol: SPI_IRQHandler
   Definitions
      At line 383 in file startup_LPC17xx.s
   Uses
      At line 86 in file startup_LPC17xx.s
      At line 347 in file startup_LPC17xx.s




ARM Macro Assembler    Page 7 Alphabetic symbol ordering
Relocatable symbols

SSP0_IRQHandler 000001E2

Symbol: SSP0_IRQHandler
   Definitions
      At line 384 in file startup_LPC17xx.s
   Uses
      At line 87 in file startup_LPC17xx.s
      At line 348 in file startup_LPC17xx.s

SSP1_IRQHandler 000001E2

Symbol: SSP1_IRQHandler
   Definitions
      At line 385 in file startup_LPC17xx.s
   Uses
      At line 88 in file startup_LPC17xx.s
      At line 349 in file startup_LPC17xx.s

SVC_Handler 000001DA

Symbol: SVC_Handler
   Definitions
      At line 314 in file startup_LPC17xx.s
   Uses
      At line 66 in file startup_LPC17xx.s
      At line 315 in file startup_LPC17xx.s

SysTick_Handler 000001E0

Symbol: SysTick_Handler
   Definitions
      At line 327 in file startup_LPC17xx.s
   Uses
      At line 70 in file startup_LPC17xx.s
      At line 328 in file startup_LPC17xx.s

TIMER0_IRQHandler 000001E2

Symbol: TIMER0_IRQHandler
   Definitions
      At line 371 in file startup_LPC17xx.s
   Uses
      At line 74 in file startup_LPC17xx.s
      At line 335 in file startup_LPC17xx.s

TIMER1_IRQHandler 000001E2

Symbol: TIMER1_IRQHandler
   Definitions
      At line 372 in file startup_LPC17xx.s
   Uses
      At line 75 in file startup_LPC17xx.s
      At line 336 in file startup_LPC17xx.s

TIMER2_IRQHandler 000001E2

Symbol: TIMER2_IRQHandler
   Definitions
      At line 373 in file startup_LPC17xx.s



ARM Macro Assembler    Page 8 Alphabetic symbol ordering
Relocatable symbols

   Uses
      At line 76 in file startup_LPC17xx.s
      At line 337 in file startup_LPC17xx.s

TIMER3_IRQHandler 000001E2

Symbol: TIMER3_IRQHandler
   Definitions
      At line 374 in file startup_LPC17xx.s
   Uses
      At line 77 in file startup_LPC17xx.s
      At line 338 in file startup_LPC17xx.s

UART0_IRQHandler 000001E2

Symbol: UART0_IRQHandler
   Definitions
      At line 375 in file startup_LPC17xx.s
   Uses
      At line 78 in file startup_LPC17xx.s
      At line 339 in file startup_LPC17xx.s

UART1_IRQHandler 000001E2

Symbol: UART1_IRQHandler
   Definitions
      At line 376 in file startup_LPC17xx.s
   Uses
      At line 79 in file startup_LPC17xx.s
      At line 340 in file startup_LPC17xx.s

UART2_IRQHandler 000001E2

Symbol: UART2_IRQHandler
   Definitions
      At line 377 in file startup_LPC17xx.s
   Uses
      At line 80 in file startup_LPC17xx.s
      At line 341 in file startup_LPC17xx.s

UART3_IRQHandler 000001E2

Symbol: UART3_IRQHandler
   Definitions
      At line 378 in file startup_LPC17xx.s
   Uses
      At line 81 in file startup_LPC17xx.s
      At line 342 in file startup_LPC17xx.s

USBActivity_IRQHandler 000001E2

Symbol: USBActivity_IRQHandler
   Definitions
      At line 403 in file startup_LPC17xx.s
   Uses
      At line 106 in file startup_LPC17xx.s
      At line 367 in file startup_LPC17xx.s

USB_IRQHandler 000001E2



ARM Macro Assembler    Page 9 Alphabetic symbol ordering
Relocatable symbols


Symbol: USB_IRQHandler
   Definitions
      At line 394 in file startup_LPC17xx.s
   Uses
      At line 97 in file startup_LPC17xx.s
      At line 358 in file startup_LPC17xx.s

UsageFault_Handler 000001D8

Symbol: UsageFault_Handler
   Definitions
      At line 310 in file startup_LPC17xx.s
   Uses
      At line 61 in file startup_LPC17xx.s
      At line 311 in file startup_LPC17xx.s

WDT_IRQHandler 000001E2

Symbol: WDT_IRQHandler
   Definitions
      At line 370 in file startup_LPC17xx.s
   Uses
      At line 73 in file startup_LPC17xx.s
      At line 334 in file startup_LPC17xx.s

__user_initial_stackheap 000001E4

Symbol: __user_initial_stackheap
   Definitions
      At line 426 in file startup_LPC17xx.s
   Uses
      At line 425 in file startup_LPC17xx.s
Comment: __user_initial_stackheap used once
do_notthing 000001AE

Symbol: do_notthing
   Definitions
      At line 278 in file startup_LPC17xx.s
   Uses
      At line 279 in file startup_LPC17xx.s
Comment: do_notthing used once
next1A 00000076

Symbol: next1A
   Definitions
      At line 162 in file startup_LPC17xx.s
   Uses
      At line 146 in file startup_LPC17xx.s
Comment: next1A used once
next2A 000000AC

Symbol: next2A
   Definitions
      At line 181 in file startup_LPC17xx.s
   Uses
      At line 148 in file startup_LPC17xx.s
      At line 164 in file startup_LPC17xx.s




ARM Macro Assembler    Page 10 Alphabetic symbol ordering
Relocatable symbols

pend 000000F0

Symbol: pend
   Definitions
      At line 202 in file startup_LPC17xx.s
   Uses
      At line 161 in file startup_LPC17xx.s
      At line 180 in file startup_LPC17xx.s

61 symbols



ARM Macro Assembler    Page 1 Alphabetic symbol ordering
Absolute symbols

Heap_Size 00000000

Symbol: Heap_Size
   Definitions
      At line 38 in file startup_LPC17xx.s
   Uses
      At line 42 in file startup_LPC17xx.s
      At line 430 in file startup_LPC17xx.s

Stack_Size 00000200

Symbol: Stack_Size
   Definitions
      At line 27 in file startup_LPC17xx.s
   Uses
      At line 30 in file startup_LPC17xx.s
      At line 429 in file startup_LPC17xx.s

2 symbols



ARM Macro Assembler    Page 1 Alphabetic symbol ordering
External symbols

__use_two_region_memory 00000000

Symbol: __use_two_region_memory
   Definitions
      At line 424 in file startup_LPC17xx.s
   Uses
      None
Comment: __use_two_region_memory unused
1 symbol
405 symbols in table
